1532140969259	geckodriver	INFO	geckodriver 0.21.0
1532140969275	geckodriver	INFO	Listening on 127.0.0.1:65268
1532140972310	mozrunner::runner	INFO	Running command: "C:\\Program Files (x86)\\Mozilla Firefox\\firefox.exe" "-marionette" "-foreground" "-no-remote" "-profile" "C:\\Users\\Jae\\AppData\\Local\\Temp\\rust_mozprofile.M0kxdX81mr6k"
Unable to read VR Path Registry from C:\Users\Jae\AppData\Local\openvr\openvrpaths.vrpath
Unable to read VR Path Registry from C:\Users\Jae\AppData\Local\openvr\openvrpaths.vrpath
Unable to read VR Path Registry from C:\Users\Jae\AppData\Local\openvr\openvrpaths.vrpath
Unable to read VR Path Registry from C:\Users\Jae\AppData\Local\openvr\openvrpaths.vrpath
Unable to read VR Path Registry from C:\Users\Jae\AppData\Local\openvr\openvrpaths.vrpath
1532140974398	Marionette	INFO	Listening on port 65277
1532140974432	Marionette	WARN	TLS certificate errors will be ignored for this session
[Parent 8560, Gecko_IOThread] WARNING: pipe error: 109: file z:/build/build/src/ipc/chromium/src/chrome/common/ipc_channel_win.cc, line 346
[Child 8308, Chrome_ChildThread] WARNING: pipe error: 109: file z:/build/build/src/ipc/chromium/src/chrome/common/ipc_channel_win.cc, line 346
[Child 8308, Chrome_ChildThread] WARNING: pipe error: 109: file z:/build/build/src/ipc/chromium/src/chrome/common/ipc_channel_win.cc, line 346
[Parent 8560, Gecko_IOThread] WARNING: pipe error: 109: file z:/build/build/src/ipc/chromium/src/chrome/common/ipc_channel_win.cc, line 346
[Child 4152, Chrome_ChildThread] WARNING: pipe error: 109: file z:/build/build/src/ipc/chromium/src/chrome/common/ipc_channel_win.cc, line 346
[Child 4152, Chrome[Parent 8560, Gecko_IOThread] WARNING: pipe error: 109: file z:/build/build/src/ipc/chromium/src/chrome/common/ipc_channel_win.cc, line 346
[Child 4900, Chrome_ChildThread] WARNING: pipe error: 109: file z:/build/build/src/ipc/chromium/src/chrome/common/ipc_channel_win.cc, line 346
[Child 49*** UTM:SVC TimerManager:registerTimer called after profile-before-change notification. Ignoring timer registration for id: telemetry_modules_ping
[GPU 4848, Ch
###!!! [Child][MessageChannel::SendAndWait] Error: Channel error: cannot send/recv

1532140980645	geckodriver	INFO	geckodriver 0.21.0
1532140980655	geckodriver	INFO	Listening on 127.0.0.1:65320
1532140983660	mozrunner::runner	INFO	Running command: "C:\\Program Files (x86)\\Mozilla Firefox\\firefox.exe" "-marionette" "-foreground" "-no-remote" "-profile" "C:\\Users\\Jae\\AppData\\Local\\Temp\\rust_mozprofile.VJoBO8oBn9Sr"
Unable to read VR Path Registry from C:\Users\Jae\AppData\Local\openvr\openvrpaths.vrpath
Unable to read VR Path Registry from C:\Users\Jae\AppData\Local\openvr\openvrpaths.vrpath
Unable to read VR Path Registry from C:\Users\Jae\AppData\Local\openvr\openvrpaths.vrpath
Unable to read VR Path Registry from C:\Users\Jae\AppData\Local\openvr\openvrpaths.vrpath
Unable to read VR Path Registry from C:\Users\Jae\AppData\Local\openvr\openvrpaths.vrpath
1532140985584	Marionette	INFO	Listening on port 65328
1532140985776	Marionette	WARN	TLS certificate errors will be ignored for this session
[Parent 15980, Gecko_IOThread] WARNING: pipe error: 109: file z:/build/build/src/ipc/chromium/src/chrome/common/ipc_channel_win.cc, line 346
[Child 17964, Chrome_ChildThread] WARNING: pipe error: 109: file z:/build/build/src/ipc/chromium/src/chrome/common/ipc_channel_win.cc, line 346
[Child 17964, Chrome_ChildThread] WARNING: pipe error: 109: file z:/build/build/src/ipc/chromium/src/chrome/common/ipc_channel_win.cc, line 346
[Child 14724, Chrome_ChildThread] WARNING: pipe error: 109: file z:/build/build/src/ipc/chromium/src/chrome/common/ipc_channel_win.cc, line 346
[Child 14724, Chrome_ChildThread] WARNING: pipe error: 109: file z:/build/build/src/ipc/chromium/src/chrome/common/ipc_channel_win.cc, line 346
[Parent 15980, Gecko_IOThread] WARNING: pipe error: 109: file z:/build/build/src/ipc/chromium/src/chrome/common/ipc_channel_win.cc, line 346
[Child 17932, Chrome_ChildThread] WARNING: pipe error: 109: file z:/build/build/src/ipc/chromium/src/chrome/common/ipc_channel_win.cc, line 346
[Child 17932*** UTM:SVC TimerManager:registerTimer called after profile-before-change notification. Ignoring timer registration for id: telemetry_modules_ping

###!!! [Child][MessageChannel::SendAndWait] Error: Channel error: cannot send/recv

1532140990884	geckodriver	INFO	geckodriver 0.21.0
1532140990894	geckodriver	INFO	Listening on 127.0.0.1:65367
1532140993902	mozrunner::runner	INFO	Running command: "C:\\Program Files (x86)\\Mozilla Firefox\\firefox.exe" "-marionette" "-foreground" "-no-remote" "-profile" "C:\\Users\\Jae\\AppData\\Local\\Temp\\rust_mozprofile.M8mOhF5fIZN0"
Unable to read VR Path Registry from C:\Users\Jae\AppData\Local\openvr\openvrpaths.vrpath
Unable to read VR Path Registry from C:\Users\Jae\AppData\Local\openvr\openvrpaths.vrpath
Unable to read VR Path Registry from C:\Users\Jae\AppData\Local\openvr\openvrpaths.vrpath
Unable to read VR Path Registry from C:\Users\Jae\AppData\Local\openvr\openvrpaths.vrpath
Unable to read VR Path Registry from C:\Users\Jae\AppData\Local\openvr\openvrpaths.vrpath
1532140995704	Marionette	INFO	Listening on port 65375
1532140996010	Marionette	WARN	TLS certificate errors will be ignored for this session
[Parent 1028, Gecko_IOThread] WARNING: pipe error: 109: file z:/build/build/src/ipc/chromium/src/chrome/common/ipc_channel_win.cc, line 346
[Child 2848, Chrome_ChildThread] WARNING: pipe error: 109: file z:/build/build/src/ipc/chromium/src/chrome/common/ipc_channel_win.cc, line 346
[Child 2848, Chrome_C[Child 11048, Chrome_ChildThread] WARNING: pipe error: 109: file z:/build/build/src/ipc/chromium/src/chrome/common/ipc_channel_win.cc, line 346
[Child 11048, Chrome_ChildThread] WAR[Parent 1028, Gecko_IOThread] WARNING: pipe error: 109: file z:/build/build/src/ipc/chromium/src/chrome/common/ipc_channel_win.cc, line 346
[Child 3372, Chrome_ChildThread] WARNING: pipe error: 109: file z:/build/build/src/ipc/chromium/src/chrome/common/ipc_channel_win.cc, line 346
[Child 3372, Chro*** UTM:SVC TimerManager:registerTimer called after profile-before-change notification. Ignoring timer registration for id: telemetry_modules_ping
[GPU 3052, Ch
###!!! [Child][MessageChannel::SendAndWait] Error: Channel error: cannot send/recv

1532141000447	geckodriver	INFO	geckodriver 0.21.0
1532141000459	geckodriver	INFO	Listening on 127.0.0.1:65416
1532141003465	mozrunner::runner	INFO	Running command: "C:\\Program Files (x86)\\Mozilla Firefox\\firefox.exe" "-marionette" "-foreground" "-no-remote" "-profile" "C:\\Users\\Jae\\AppData\\Local\\Temp\\rust_mozprofile.fgFgXbMsFvXq"
Unable to read VR Path Registry from C:\Users\Jae\AppData\Local\openvr\openvrpaths.vrpath
Unable to read VR Path Registry from C:\Users\Jae\AppData\Local\openvr\openvrpaths.vrpath
Unable to read VR Path Registry from C:\Users\Jae\AppData\Local\openvr\openvrpaths.vrpath
Unable to read VR Path Registry from C:\Users\Jae\AppData\Local\openvr\openvrpaths.vrpath
Unable to read VR Path Registry from C:\Users\Jae\AppData\Local\openvr\openvrpaths.vrpath
1532141005321	Marionette	INFO	Listening on port 65424
1532141005573	Marionette	WARN	TLS certificate errors will be ignored for this session
[Parent 15192, Gecko_IOThread] WARNING: pipe error: 109: file z:/build/build/src/ipc/chromium/src/chrome/common/ipc_channel_win.cc, line 346
[Child 16412, Chrome_ChildThread] WARNING: pipe error: 109: file z:/build/build/src/ipc/chromium/src/chrome/common/ipc_channel_win.cc, line 346
[Child 16412,[Parent 15192, Gecko_IOThread] WARNING: pipe error: 109: file z:/build/build/src/ipc/chromium/src/chrome/common/ipc_channel_win.cc, line 346
[Child 5488, Chrome_ChildThread] WARNING: pipe error: 109: file z:/build/build/src/ipc/chromium/src/chrome/common/ipc_channel_win.cc, line 346
[Child 5488, Chrome_ChildThread] WARNING: pipe error: 109: file z:/build/bu*** UTM:SVC TimerManager:registerTimer called after profile-before-change notification. Ignoring timer registration for id: telemetry_modules_ping
[GPU 5664, Ch
###!!! [Child][MessageChannel::SendAndWait] Error: Channel error: cannot send/recv

1532141009658	geckodriver	INFO	geckodriver 0.21.0
1532141009668	geckodriver	INFO	Listening on 127.0.0.1:65462
1532141012667	mozrunner::runner	INFO	Running command: "C:\\Program Files (x86)\\Mozilla Firefox\\firefox.exe" "-marionette" "-foreground" "-no-remote" "-profile" "C:\\Users\\Jae\\AppData\\Local\\Temp\\rust_mozprofile.JkqmZSdtMTui"
Unable to read VR Path Registry from C:\Users\Jae\AppData\Local\openvr\openvrpaths.vrpath
Unable to read VR Path Registry from C:\Users\Jae\AppData\Local\openvr\openvrpaths.vrpath
Unable to read VR Path Registry from C:\Users\Jae\AppData\Local\openvr\openvrpaths.vrpath
Unable to read VR Path Registry from C:\Users\Jae\AppData\Local\openvr\openvrpaths.vrpath
Unable to read VR Path Registry from C:\Users\Jae\AppData\Local\openvr\openvrpaths.vrpath
1532141014512	Marionette	INFO	Listening on port 65470
1532141014788	Marionette	WARN	TLS certificate errors will be ignored for this session
[Parent 10160, Gecko_IOThread] WARNING: pipe error: 109: file z:/build/build/src/ipc/chromium/src/chrome/common/ipc_channel_win.cc, line 346
[Child 17104, Chrome_ChildThread] WARNING: pipe error: 109: file z:/build/build/src/ipc/chromium/src/chrome/common/ipc_channel_win.cc, line 346
[Child 17104, Chrome_ChildThr[Parent 10160, Gecko_IOThread] WARNING: pipe error: 109: file z:/build/build/src/ipc/chromium/src/chrome/common/ipc_channel_win.cc, line 346
[Child 13820, Chrome_ChildThread] WARNING: pipe error: 109: file z:/build/build/src/ipc/chromium/src/chrome/common/ipc_channel_win.cc, line 346
[Parent 10160, Gecko_IOThread] WARNING: pipe error: 109: file z:/build/build/src/ipc/chromium/src/chrome/common/ipc_channel_win.cc, line 346
*** UTM:SVC TimerManager:registerTimer called after profile-before-change notification. Ignoring timer registration for id: telemetry_modules_ping
[GPU 18396, Chrome_ChildThread] WARNING
###!!! [Child][MessageChannel::SendAndWait] Error: Channel error: cannot send/recv

1532141020707	geckodriver	INFO	geckodriver 0.21.0
1532141020718	geckodriver	INFO	Listening on 127.0.0.1:65511
1532141023725	mozrunner::runner	INFO	Running command: "C:\\Program Files (x86)\\Mozilla Firefox\\firefox.exe" "-marionette" "-foreground" "-no-remote" "-profile" "C:\\Users\\Jae\\AppData\\Local\\Temp\\rust_mozprofile.h2EK8LWQC3gt"
Unable to read VR Path Registry from C:\Users\Jae\AppData\Local\openvr\openvrpaths.vrpath
Unable to read VR Path Registry from C:\Users\Jae\AppData\Local\openvr\openvrpaths.vrpath
Unable to read VR Path Registry from C:\Users\Jae\AppData\Local\openvr\openvrpaths.vrpath
Unable to read VR Path Registry from C:\Users\Jae\AppData\Local\openvr\openvrpaths.vrpath
Unable to read VR Path Registry from C:\Users\Jae\AppData\Local\openvr\openvrpaths.vrpath
1532141025584	Marionette	INFO	Listening on port 65519
1532141025845	Marionette	WARN	TLS certificate errors will be ignored for this session
[Parent 1896, Gecko_IOThread] WARNING: pipe error: 109: file z:/build/build/src/ipc/chromium/src/chrome/common/ipc_channel_win.cc, line 346
[Child 8320, Chrome_ChildThread] WARNING: pipe error: 109: file z:/build/build/src/ipc/chromium/src/chrome/common/ipc_channel_win.cc, line 346
[Child 8[Parent 1896, Gecko_IOThread] WARNING: pipe error: 109: file z:/build/build/src/ipc/chromium/src/chrome/common/ipc_channel_win.cc, line 346
*** UTM:SVC TimerManager:registerTimer called after profile-before-change notification. Ignoring timer registration for id: telemetry_modules_ping
[GPU 10520,
###!!! [Child][MessageChannel::SendAndWait] Error: Channel error: cannot send/recv

1532141030772	geckodriver	INFO	geckodriver 0.21.0
1532141030785	geckodriver	INFO	Listening on 127.0.0.1:49174
1532141033788	mozrunner::runner	INFO	Running command: "C:\\Program Files (x86)\\Mozilla Firefox\\firefox.exe" "-marionette" "-foreground" "-no-remote" "-profile" "C:\\Users\\Jae\\AppData\\Local\\Temp\\rust_mozprofile.Oh226QjuCv3R"
Unable to read VR Path Registry from C:\Users\Jae\AppData\Local\openvr\openvrpaths.vrpath
Unable to read VR Path Registry from C:\Users\Jae\AppData\Local\openvr\openvrpaths.vrpath
Unable to read VR Path Registry from C:\Users\Jae\AppData\Local\openvr\openvrpaths.vrpath
Unable to read VR Path Registry from C:\Users\Jae\AppData\Local\openvr\openvrpaths.vrpath
Unable to read VR Path Registry from C:\Users\Jae\AppData\Local\openvr\openvrpaths.vrpath
1532141035670	Marionette	INFO	Listening on port 49182
1532141035898	Marionette	WARN	TLS certificate errors will be ignored for this session
[Child 12500, Chrome_ChildThread] WARNING: pipe error: 109: file z:/build/build/src/ipc/chromium/src/chrome/common/ipc_channel_win.cc, line 346
[Child 125[Parent 17632, Gecko_IOThread] WARNING: pipe error: 109: file z:/build/build/src/ipc/chromium/src/chrome/common/ipc_channel_win.cc, line 346
[Child 2572, Chrome_ChildThread] WARNING: pipe error: 109: file z:/build/build/src/ipc/chromium/src/chrome/common/ipc_channel_win.cc, line 346
[Child 2572, Chrome_ChildThread] WARNING: pip[Parent 17632, Gecko_IOThread] WARNING: pipe error: 109: file z:/build/build/src/ipc/chromium/src/chrome/common/ipc_channel_win.cc, line 346
*** UTM:SVC TimerManager:registerTimer called after profile-before-change notification. Ignoring timer registration for id: telemetry_modules_ping
[GPU 11676, Chrom
###!!! [Child][MessageChannel::SendAndWait] Error: Channel error: cannot send/recv

1532141271994	geckodriver	INFO	geckodriver 0.21.0
1532141272004	geckodriver	INFO	Listening on 127.0.0.1:49259
1532141275014	mozrunner::runner	INFO	Running command: "C:\\Program Files (x86)\\Mozilla Firefox\\firefox.exe" "-marionette" "-foreground" "-no-remote" "-profile" "C:\\Users\\Jae\\AppData\\Local\\Temp\\rust_mozprofile.g3XrOuk2Q9R4"
Unable to read VR Path Registry from C:\Users\Jae\AppData\Local\openvr\openvrpaths.vrpath
Unable to read VR Path Registry from C:\Users\Jae\AppData\Local\openvr\openvrpaths.vrpath
Unable to read VR Path Registry from C:\Users\Jae\AppData\Local\openvr\openvrpaths.vrpath
Unable to read VR Path Registry from C:\Users\Jae\AppData\Local\openvr\openvrpaths.vrpath
Unable to read VR Path Registry from C:\Users\Jae\AppData\Local\openvr\openvrpaths.vrpath
1532141277021	Marionette	INFO	Listening on port 49267
1532141277124	Marionette	WARN	TLS certificate errors will be ignored for this session
[Child 11060, Chrome_ChildThread] WARNING: pipe error: 109: file z:/build/build/src/ipc/chromium/src/chrome/common/ipc_channel_win.cc, line 346
[Child 11060, Chrome_ChildThread] WARNING: pipe error: 109: file z:/build/build/src/ipc/chromium/src/chrome/common/ipc_[Child 4668, Chrome_ChildThread] WARNING: pipe error: 109: file z:/build/build/src/ipc/chromium/src/chrome/common/ipc_channel_win.cc, line 346
[Child 4668, Chrome_ChildThread] WA[Parent 12120, Gecko_IOThread] WARNING: pipe error: 109: file z:/build/build/src/ipc/chromium/src/chrome/common/ipc_channel_win.cc, line 346
[Child 12432, Chrome_ChildThread] WARNING: pipe error: 109: file z:/build/build/src/ipc/chromium/src/chrome/common/ipc_channel_win.cc, line 346
[Child 12432, Chrome_ChildThread] WARNING: pipe error: 109: file z:/build/build/src/ipc/chromium/src/chrome/common/ipc_channel_win.cc, line 346
*** UTM:SVC TimerManager:registerTimer called after profile-before-change notification. Ignoring timer registration for id: telemetry_modules_ping
[GPU 16676, Chro
###!!! [Child][MessageChannel::SendAndWait] Error: Channel error: cannot send/recv

1532141825642	geckodriver	INFO	geckodriver 0.21.0
1532141825655	geckodriver	INFO	Listening on 127.0.0.1:49376
1532141828668	mozrunner::runner	INFO	Running command: "C:\\Program Files (x86)\\Mozilla Firefox\\firefox.exe" "-marionette" "-foreground" "-no-remote" "-profile" "C:\\Users\\Jae\\AppData\\Local\\Temp\\rust_mozprofile.W4jmwT7Tl3ys"
Unable to read VR Path Registry from C:\Users\Jae\AppData\Local\openvr\openvrpaths.vrpath
Unable to read VR Path Registry from C:\Users\Jae\AppData\Local\openvr\openvrpaths.vrpath
Unable to read VR Path Registry from C:\Users\Jae\AppData\Local\openvr\openvrpaths.vrpath
Unable to read VR Path Registry from C:\Users\Jae\AppData\Local\openvr\openvrpaths.vrpath
Unable to read VR Path Registry from C:\Users\Jae\AppData\Local\openvr\openvrpaths.vrpath
1532141830610	Marionette	INFO	Listening on port 49384
1532141830779	Marionette	WARN	TLS certificate errors will be ignored for this session
[Parent 1564, Gecko_IOThread] WARNING: pipe error: 109: file z:/build/build/src/ipc/chromium/src/chrome/common/ipc_channel_win.cc, line 346
[Parent 1564, Gecko_IOThread] WARNING: pipe error: 109: file z:/build/build/src/ipc/chromium/src/chrome/common/ipc_channel_win.cc, line 346
[Child 11788, Chrome_ChildThread] WARNING: pipe error: 109: file z:/build/build/src/ipc/chromium/src/chrome/common/ipc_channel_win.cc, line 346
[Child 11788, Chrome_ChildThread] WARNING: pipe e[Parent 1564, Gecko_IOThread] WARNING: pipe error: 109: file z:/build/build/src/ipc/chromium/src/chrome/common/ipc_channel_win.cc, line 346
*** UTM:SVC TimerManager:registerTimer called after profile-before-change notification. Ignoring timer registration for id: telemetry_modules_ping
[GPU 12976, Chrom
###!!! [Child][MessageChannel::SendAndWait] Error: Channel error: cannot send/recv

1532141836744	geckodriver	INFO	geckodriver 0.21.0
1532141836755	geckodriver	INFO	Listening on 127.0.0.1:49428
1532141839771	mozrunner::runner	INFO	Running command: "C:\\Program Files (x86)\\Mozilla Firefox\\firefox.exe" "-marionette" "-foreground" "-no-remote" "-profile" "C:\\Users\\Jae\\AppData\\Local\\Temp\\rust_mozprofile.V7nPQw9m2uoT"
Unable to read VR Path Registry from C:\Users\Jae\AppData\Local\openvr\openvrpaths.vrpath
Unable to read VR Path Registry from C:\Users\Jae\AppData\Local\openvr\openvrpaths.vrpath
Unable to read VR Path Registry from C:\Users\Jae\AppData\Local\openvr\openvrpaths.vrpath
Unable to read VR Path Registry from C:\Users\Jae\AppData\Local\openvr\openvrpaths.vrpath
Unable to read VR Path Registry from C:\Users\Jae\AppData\Local\openvr\openvrpaths.vrpath
1532141841667	Marionette	INFO	Listening on port 49436
1532141841896	Marionette	WARN	TLS certificate errors will be ignored for this session
[Parent 16484, Gecko_IOThread] WARNING: pipe error: 109: file z:/build/build/src/ipc/chromium/src/chrome/common/ipc_channel_win.cc, line 346
[Child 8356, Chrome_ChildThread] WARNING: pipe error: 109: file z:/build/build/src/ipc/chromium/src/chrome/common/ipc_channel_win.cc, line 346
[Child 83[Parent 16484, Gecko_IOThread] WARNING: pipe error: 109: file z:/build/build/src/ipc/chromium/src/chrome/common/ipc_channel_win.cc, line 346
[Child 13144, Chrome_ChildThread] WARNING: pipe error: 109: file z:/build/build/src/ipc/chromium/src/chrome/common/ipc_channel_win.cc, line 346
[Child 13144*** UTM:SVC TimerManager:registerTimer called after profile-before-change notification. Ignoring timer registration for id: telemetry_modules_ping
[GPU 16888, Chr
###!!! [Child][MessageChannel::SendAndWait] Error: Channel error: cannot send/recv

1532141846557	geckodriver	INFO	geckodriver 0.21.0
1532141846569	geckodriver	INFO	Listening on 127.0.0.1:49476
1532141849589	mozrunner::runner	INFO	Running command: "C:\\Program Files (x86)\\Mozilla Firefox\\firefox.exe" "-marionette" "-foreground" "-no-remote" "-profile" "C:\\Users\\Jae\\AppData\\Local\\Temp\\rust_mozprofile.vqs4h3LvVqH0"
Unable to read VR Path Registry from C:\Users\Jae\AppData\Local\openvr\openvrpaths.vrpath
Unable to read VR Path Registry from C:\Users\Jae\AppData\Local\openvr\openvrpaths.vrpath
Unable to read VR Path Registry from C:\Users\Jae\AppData\Local\openvr\openvrpaths.vrpath
Unable to read VR Path Registry from C:\Users\Jae\AppData\Local\openvr\openvrpaths.vrpath
Unable to read VR Path Registry from C:\Users\Jae\AppData\Local\openvr\openvrpaths.vrpath
1532141851768	Marionette	INFO	Listening on port 49484
1532141851842	Marionette	WARN	TLS certificate errors will be ignored for this session
[Parent 13460, Gecko_IOThread] WARNING: pipe error: 109: file z:/build/build/src/ipc/chromium/src/chrome/common/ipc_channel_win.cc, line 346
[Child 15464, Chrome_ChildThread] WARNING: pipe error: 109: file z:/build/build/src/ipc/chromium/src/chrome/common/ipc_channel_win.cc, line 346
[Child 15464, Chrome_ChildThread] WARNING: pipe error: 109: file z:/build/build/src/ipc/chromium/src/chrome/[Parent 13460, Gecko_IOThread] WARNING: pipe error: 109: file z:/build/build/src/ipc/chromium/src/chrome/common/ipc_channel_win.cc, line 346
[Child 12008, Chrome_ChildThread] WARNING: pipe error: 109: file z:/build/build/src/ipc/chromium/src/chrome/common/ipc_channel_win.cc, line 346
[Child 12008, [Parent 13460, Gecko_IOThread] WARNING: pipe error: 109: file z:/build/build/src/ipc/chromium/src/chrome/common/ipc_channel_win.cc, line 346
[Child 9780, Chrome_ChildThread] WARNING: pipe error: 109: file z:/build/build/src/ipc/chromium/src/chrome/common/ipc_channel_win.cc, line 346
[Child 978*** UTM:SVC TimerManager:registerTimer called after profile-before-change notification. Ignoring timer registration for id: telemetry_modules_ping
[GPU 1641
###!!! [Child][MessageChannel::SendAndWait] Error: Channel error: cannot send/recv

1532141856736	geckodriver	INFO	geckodriver 0.21.0
1532141856746	geckodriver	INFO	Listening on 127.0.0.1:49525
1532141859764	mozrunner::runner	INFO	Running command: "C:\\Program Files (x86)\\Mozilla Firefox\\firefox.exe" "-marionette" "-foreground" "-no-remote" "-profile" "C:\\Users\\Jae\\AppData\\Local\\Temp\\rust_mozprofile.aY43TYR5XKV5"
Unable to read VR Path Registry from C:\Users\Jae\AppData\Local\openvr\openvrpaths.vrpath
Unable to read VR Path Registry from C:\Users\Jae\AppData\Local\openvr\openvrpaths.vrpath
Unable to read VR Path Registry from C:\Users\Jae\AppData\Local\openvr\openvrpaths.vrpath
Unable to read VR Path Registry from C:\Users\Jae\AppData\Local\openvr\openvrpaths.vrpath
Unable to read VR Path Registry from C:\Users\Jae\AppData\Local\openvr\openvrpaths.vrpath
1532141861843	Marionette	INFO	Listening on port 49533
1532141861882	Marionette	WARN	TLS certificate errors will be ignored for this session
[Child 3140, Chrome_ChildThread] WARNING: pipe error: 109: file z:/build/build/src/ipc/chromium/src/chrome/common/ipc_channel_win.cc, line 346
[Child 3140, Chrome_ChildThread] WARNING: pipe error: 109: file z:/build/build/src/ipc/chromium/src/chrom[Parent 17028, Gecko_IOThread] WARNING: pipe error: 109: file z:/build/build/src/ipc/chromium/src/chrome/common/ipc_channel_win.cc, line 346
[Child 8744, Chrome_ChildThread] WARNING: pipe error: 109: file z:/build/build/src/ipc/chromium/src/chrome/common/ipc_channel_win.cc, line 346
[Child 8744, Chrome_ChildThread] WARNING: pipe error: 109: file z:/build/bui[Parent 17028, Gecko_IOThread] WARNING: pipe error: 109: file z:/build/build/src/ipc/chromium/src/chrome/common/ipc_channel_win.cc, line 346
[Child 4412, Chrome_ChildThread] WARNING: pipe error: 109: file z:/build/build/src/ipc/chromium/src/chrome/common/ipc_channel_win.cc, line 346
[Child *** UTM:SVC TimerManager:registerTimer called after profile-before-change notification. Ignoring timer registration for id: telemetry_modules_ping
[GPU 13628
###!!! [Child][MessageChannel::SendAndWait] Error: Channel error: cannot send/recv

1532141866289	geckodriver	INFO	geckodriver 0.21.0
1532141866303	geckodriver	INFO	Listening on 127.0.0.1:49570
1532141869451	mozrunner::runner	INFO	Running command: "C:\\Program Files (x86)\\Mozilla Firefox\\firefox.exe" "-marionette" "-foreground" "-no-remote" "-profile" "C:\\Users\\Jae\\AppData\\Local\\Temp\\rust_mozprofile.fr9Zl5o8Xgst"
Unable to read VR Path Registry from C:\Users\Jae\AppData\Local\openvr\openvrpaths.vrpath
Unable to read VR Path Registry from C:\Users\Jae\AppData\Local\openvr\openvrpaths.vrpath
Unable to read VR Path Registry from C:\Users\Jae\AppData\Local\openvr\openvrpaths.vrpath
Unable to read VR Path Registry from C:\Users\Jae\AppData\Local\openvr\openvrpaths.vrpath
Unable to read VR Path Registry from C:\Users\Jae\AppData\Local\openvr\openvrpaths.vrpath
1532141873380	Marionette	INFO	Listening on port 49578
1532141873789	Marionette	WARN	TLS certificate errors will be ignored for this session
[Child 664, Chrome_ChildThread] WARNING: pipe error: 109: file z:/build/build/src/ipc/chromium/src/chrome/common/ipc_channel_win.cc, line 346
[Child 664, [Parent 6268, Gecko_IOThread] WARNING: pipe error: 109: file z:/build/build/src/ipc/chromium/src/chrome/common/ipc_channel_win.cc, line 346
[Child 4668, Chrome_ChildThread] WARNING: pipe error: 109: file z:/build/build/src/ipc/chromium/src/chrome/common/ipc_channel_win.cc, line 346
[Child 4668,*** UTM:SVC TimerManager:registerTimer called after profile-before-change notification. Ignoring timer registration for id: telemetry_modules_ping
[GPU 12300, C
###!!! [Child][MessageChannel::SendAndWait] Error: Channel error: cannot send/recv

1532141879437	geckodriver	INFO	geckodriver 0.21.0
1532141879447	geckodriver	INFO	Listening on 127.0.0.1:49631
1532141882470	mozrunner::runner	INFO	Running command: "C:\\Program Files (x86)\\Mozilla Firefox\\firefox.exe" "-marionette" "-foreground" "-no-remote" "-profile" "C:\\Users\\Jae\\AppData\\Local\\Temp\\rust_mozprofile.1Ni3eh8K7XbV"
Unable to read VR Path Registry from C:\Users\Jae\AppData\Local\openvr\openvrpaths.vrpath
Unable to read VR Path Registry from C:\Users\Jae\AppData\Local\openvr\openvrpaths.vrpath
Unable to read VR Path Registry from C:\Users\Jae\AppData\Local\openvr\openvrpaths.vrpath
Unable to read VR Path Registry from C:\Users\Jae\AppData\Local\openvr\openvrpaths.vrpath
Unable to read VR Path Registry from C:\Users\Jae\AppData\Local\openvr\openvrpaths.vrpath
1532141884459	Marionette	INFO	Listening on port 49639
1532141884603	Marionette	WARN	TLS certificate errors will be ignored for this session
[Parent 7448, Gecko_IOThread] WARNING: pipe error: 109: file z:/build/build/src/ipc/chromium/src/chrome/common/ipc_channel_win.cc, line 346
[Child 6908, Chrome_ChildThread] WARNING: pipe error: 109: file z:/build/build/src/ipc/chromium/src/chrome/common/ipc_channel_win.cc, line 346
[Child 6[Child 10572, Chrome_ChildThread] WARNING: pipe error: 109: file z:/build/build/src/ipc/chromium/src/chrome/common/ipc_channel_win.cc, line 346
[Child 10572, Chrome_ChildThread] WARNI[Parent 7448, Gecko_IOThread] WARNING: pipe error: 109: file z:/build/build/src/ipc/chromium/src/chrome/common/ipc_channel_win.cc, line 346
[Child 6416, Chrome_ChildThread] WARNING: pipe error: 109: file z:/build/build/src/ipc/chromium/src/chrome/common/ipc_channel_win.cc, line 346
[Child 6416, Chrome_ChildThread] WARNING: pipe error: 109: f*** UTM:SVC TimerManager:registerTimer called after profile-before-change notification. Ignoring timer registration for id: telemetry_modules_ping
[GPU 3768, Chr
###!!! [Child][MessageChannel::SendAndWait] Error: Channel error: cannot send/recv

1532141889973	geckodriver	INFO	geckodriver 0.21.0
1532141889985	geckodriver	INFO	Listening on 127.0.0.1:49685
1532141892998	mozrunner::runner	INFO	Running command: "C:\\Program Files (x86)\\Mozilla Firefox\\firefox.exe" "-marionette" "-foreground" "-no-remote" "-profile" "C:\\Users\\Jae\\AppData\\Local\\Temp\\rust_mozprofile.wB3PDX3NzwMF"
Unable to read VR Path Registry from C:\Users\Jae\AppData\Local\openvr\openvrpaths.vrpath
Unable to read VR Path Registry from C:\Users\Jae\AppData\Local\openvr\openvrpaths.vrpath
Unable to read VR Path Registry from C:\Users\Jae\AppData\Local\openvr\openvrpaths.vrpath
Unable to read VR Path Registry from C:\Users\Jae\AppData\Local\openvr\openvrpaths.vrpath
Unable to read VR Path Registry from C:\Users\Jae\AppData\Local\openvr\openvrpaths.vrpath
1532141895744	Marionette	INFO	Listening on port 49694
1532141896212	Marionette	WARN	TLS certificate errors will be ignored for this session
[Parent 17444, Gecko_IOThread] WARNING: pipe error: 109: file z:/build/build/src/ipc/chromium/src/chrome/common/ipc_channel_win.cc, line 346
[Child 10676, Chrome_ChildThread] WARNING: pipe error: 109: file z:/build/build/src/ipc/chromium/src/chrome/common/ipc_channel_win.cc, line 346
[Child 10676, Chrome_ChildThread] WARNING: pipe error: [Parent 17444, Gecko_IOThread] WARNING: pipe error: 109: file z:/build/build/src/ipc/chromium/src/chrome/common/ipc_channel_win.cc, line 346
[Child 13324, Chrome_ChildThread] WARNING: pipe error: 109: file z:/build/build/src/ipc/chromium/src/chrome/common/ipc_channel_win.cc, line 346
[Parent 17444, Gecko_IOThread] WARNING: pipe error: 109: file z:/build/build/src/ipc/chromium/src/chrome/common/ipc_channel_win.cc, line 346
[Child 8284, Chrome_ChildThread] WARNING: pipe error: 109: file z:/build/build/src/ipc/chromium/src/chrome/common/ipc_channel_win.cc, line 346
[Child 8284, Chrome_ChildThread] WARNING: pipe error: 109: file z:/build/build/src/ipc/chromium/src/chrome/common/ipc_channel_win.cc, line 346
*** UTM:SVC TimerManager:registerTimer called after profile-before-change notification. Ignoring timer registration for id: telemetry_modules_ping
[GPU 13144, 
###!!! [Child][MessageChannel::SendAndWait] Error: Channel error: cannot send/recv

